{"C:\\OnlineClothingStore\\Backend\\models\\Category.js": {"path":"C:\\OnlineClothingStore\\Backend\\models\\Category.js","statementMap":{"0":{"start":{"line":1,"column":17},"end":{"line":1,"column":36}},"1":{"start":{"line":2,"column":15},"end":{"line":2,"column":30}},"2":{"start":{"line":4,"column":19},"end":{"line":4,"column":58}},"3":{"start":{"line":7,"column":23},"end":{"line":15,"column":2}},"4":{"start":{"line":18,"column":17},"end":{"line":18,"column":61}},"5":{"start":{"line":20,"column":0},"end":{"line":20,"column":25}}},"fnMap":{},"branchMap":{},"s":{"0":1,"1":1,"2":1,"3":1,"4":1,"5":1},"f":{},"b":{},"_coverageSchema":"1a1c01bbd47fc00a2c39e90264f33305004495a9","hash":"528663a9b0fd5fb1fefb9f38a55fa7f9cfc2cd2d"}
,"C:\\OnlineClothingStore\\Backend\\models\\Post.js": {"path":"C:\\OnlineClothingStore\\Backend\\models\\Post.js","statementMap":{"0":{"start":{"line":1,"column":17},"end":{"line":1,"column":36}},"1":{"start":{"line":2,"column":15},"end":{"line":2,"column":30}},"2":{"start":{"line":4,"column":19},"end":{"line":18,"column":2}},"3":{"start":{"line":20,"column":13},"end":{"line":20,"column":48}},"4":{"start":{"line":21,"column":0},"end":{"line":21,"column":21}}},"fnMap":{},"branchMap":{},"s":{"0":3,"1":3,"2":3,"3":3,"4":3},"f":{},"b":{},"_coverageSchema":"1a1c01bbd47fc00a2c39e90264f33305004495a9","hash":"103492e1a90fd4369b57a0df18f5ab35380567d1"}
,"C:\\OnlineClothingStore\\Backend\\models\\User.js": {"path":"C:\\OnlineClothingStore\\Backend\\models\\User.js","statementMap":{"0":{"start":{"line":1,"column":17},"end":{"line":1,"column":36}},"1":{"start":{"line":2,"column":15},"end":{"line":2,"column":30}},"2":{"start":{"line":4,"column":19},"end":{"line":4,"column":58}},"3":{"start":{"line":7,"column":19},"end":{"line":15,"column":2}},"4":{"start":{"line":17,"column":13},"end":{"line":17,"column":47}},"5":{"start":{"line":18,"column":0},"end":{"line":18,"column":21}}},"fnMap":{},"branchMap":{},"s":{"0":1,"1":1,"2":1,"3":1,"4":1,"5":1},"f":{},"b":{},"_coverageSchema":"1a1c01bbd47fc00a2c39e90264f33305004495a9","hash":"1bdcbfdd54b8294910deaec28cb0da830276c1e7"}
}
